This file contains any messages produced by compilers while
running configure, to aid debugging if configure makes a mistake.

It was created by libsf configure 1.0, which was
generated by GNU Autoconf 2.69.  Invocation command line was

  $ /home/michele/git/linbsf/libsf/configure 

## --------- ##
## Platform. ##
## --------- ##

hostname = lauralap
uname -m = x86_64
uname -r = 3.11.0-17-generic
uname -s = Linux
uname -v = #31-Ubuntu SMP Mon Feb 3 21:52:43 UTC 2014

/usr/bin/uname -p = unknown
/bin/uname -X     = unknown

/bin/arch              = unknown
/usr/bin/arch -k       = unknown
/usr/convex/getsysinfo = unknown
/usr/bin/hostinfo      = unknown
/bin/machine           = unknown
/usr/bin/oslevel       = unknown
/bin/universe          = unknown

PATH: /usr/lib/lightdm/lightdm
PATH: /usr/local/sbin
PATH: /usr/local/bin
PATH: /usr/sbin
PATH: /usr/bin
PATH: /sbin
PATH: /bin
PATH: /usr/games
PATH: /usr/local/games


## ----------- ##
## Core tests. ##
## ----------- ##

configure:2163: checking for gcc
configure:2179: found /usr/bin/gcc
configure:2190: result: gcc
configure:2419: checking for C compiler version
configure:2428: gcc --version >&5
gcc (Ubuntu/Linaro 4.8.1-10ubuntu8) 4.8.1
Copyright (C) 2013 Free Software Foundation, Inc.
This is free software; see the source for copying conditions.  There is NO
warranty; not even for MERCHANTABILITY or FITNESS FOR A PARTICULAR PURPOSE.

configure:2439: $? = 0
configure:2428: gcc -v >&5
Using built-in specs.
COLLECT_GCC=gcc
COLLECT_LTO_WRAPPER=/usr/lib/gcc/x86_64-linux-gnu/4.8/lto-wrapper
Target: x86_64-linux-gnu
Configured with: ../src/configure -v --with-pkgversion='Ubuntu/Linaro 4.8.1-10ubuntu8' --with-bugurl=file:///usr/share/doc/gcc-4.8/README.Bugs --enable-languages=c,c++,java,go,d,fortran,objc,obj-c++ --prefix=/usr --program-suffix=-4.8 --enable-shared --enable-linker-build-id --libexecdir=/usr/lib --without-included-gettext --enable-threads=posix --with-gxx-include-dir=/usr/include/c++/4.8 --libdir=/usr/lib --enable-nls --with-sysroot=/ --enable-clocale=gnu --enable-libstdcxx-debug --enable-libstdcxx-time=yes --enable-gnu-unique-object --enable-plugin --with-system-zlib --disable-browser-plugin --enable-java-awt=gtk --enable-gtk-cairo --with-java-home=/usr/lib/jvm/java-1.5.0-gcj-4.8-amd64/jre --enable-java-home --with-jvm-root-dir=/usr/lib/jvm/java-1.5.0-gcj-4.8-amd64 --with-jvm-jar-dir=/usr/lib/jvm-exports/java-1.5.0-gcj-4.8-amd64 --with-arch-directory=amd64 --with-ecj-jar=/usr/share/java/eclipse-ecj.jar --enable-objc-gc --enable-multiarch --disable-werror --with-arch-32=i686 --with-abi=m64 --with-multilib-list=m32,m64,mx32 --with-tune=generic --enable-checking=release --build=x86_64-linux-gnu --host=x86_64-linux-gnu --target=x86_64-linux-gnu
Thread model: posix
gcc version 4.8.1 (Ubuntu/Linaro 4.8.1-10ubuntu8) 
configure:2439: $? = 0
configure:2428: gcc -V >&5
gcc: error: unrecognized command line option '-V'
gcc: fatal error: no input files
compilation terminated.
configure:2439: $? = 4
configure:2428: gcc -qversion >&5
gcc: error: unrecognized command line option '-qversion'
gcc: fatal error: no input files
compilation terminated.
configure:2439: $? = 4
configure:2459: checking whether the C compiler works
configure:2481: gcc    conftest.c  >&5
configure:2485: $? = 0
configure:2533: result: yes
configure:2536: checking for C compiler default output file name
configure:2538: result: a.out
configure:2544: checking for suffix of executables
configure:2551: gcc -o conftest    conftest.c  >&5
configure:2555: $? = 0
configure:2577: result: 
configure:2599: checking whether we are cross compiling
configure:2607: gcc -o conftest    conftest.c  >&5
configure:2611: $? = 0
configure:2618: ./conftest
configure:2622: $? = 0
configure:2637: result: no
configure:2642: checking for suffix of object files
configure:2664: gcc -c   conftest.c >&5
configure:2668: $? = 0
configure:2689: result: o
configure:2693: checking whether we are using the GNU C compiler
configure:2712: gcc -c   conftest.c >&5
configure:2712: $? = 0
configure:2721: result: yes
configure:2730: checking whether gcc accepts -g
configure:2750: gcc -c -g  conftest.c >&5
configure:2750: $? = 0
configure:2791: result: yes
configure:2808: checking for gcc option to accept ISO C89
configure:2871: gcc  -c -g -O2  conftest.c >&5
configure:2871: $? = 0
configure:2884: result: none needed
configure:2938: checking build system type
configure:2952: result: x86_64-unknown-linux-gnu
configure:2972: checking host system type
configure:2985: result: x86_64-unknown-linux-gnu
configure:3005: checking target system type
configure:3018: result: x86_64-unknown-linux-gnu
configure:3062: checking for a BSD-compatible install
configure:3130: result: /usr/bin/install -c
configure:3141: checking whether build environment is sane
configure:3196: result: yes
configure:3347: checking for a thread-safe mkdir -p
configure:3386: result: /bin/mkdir -p
configure:3393: checking for gawk
configure:3409: found /usr/bin/gawk
configure:3420: result: gawk
configure:3431: checking whether make sets $(MAKE)
configure:3453: result: yes
configure:3483: checking for style of include used by make
configure:3511: result: GNU
configure:3545: checking whether make supports nested variables
configure:3562: result: yes
configure:3647: checking dependency style of gcc
configure:3758: result: gcc3
configure:3776: checking whether gcc and cc understand -c and -o together
configure:3807: gcc -c conftest.c -o conftest2.o >&5
configure:3811: $? = 0
configure:3817: gcc -c conftest.c -o conftest2.o >&5
configure:3821: $? = 0
configure:3832: cc -c conftest.c >&5
configure:3836: $? = 0
configure:3844: cc -c conftest.c -o conftest2.o >&5
configure:3848: $? = 0
configure:3854: cc -c conftest.c -o conftest2.o >&5
configure:3858: $? = 0
configure:3876: result: yes
configure:3948: checking how to print strings
configure:3975: result: printf
configure:3996: checking for a sed that does not truncate output
configure:4060: result: /bin/sed
configure:4078: checking for grep that handles long lines and -e
configure:4136: result: /bin/grep
configure:4141: checking for egrep
configure:4203: result: /bin/grep -E
configure:4208: checking for fgrep
configure:4270: result: /bin/grep -F
configure:4305: checking for ld used by gcc
configure:4372: result: /usr/bin/ld
configure:4379: checking if the linker (/usr/bin/ld) is GNU ld
configure:4394: result: yes
configure:4406: checking for BSD- or MS-compatible name lister (nm)
configure:4455: result: /usr/bin/nm -B
configure:4585: checking the name lister (/usr/bin/nm -B) interface
configure:4592: gcc -c -g -O2  conftest.c >&5
configure:4595: /usr/bin/nm -B "conftest.o"
configure:4598: output
0000000000000000 B some_variable
configure:4605: result: BSD nm
configure:4608: checking whether ln -s works
configure:4612: result: yes
configure:4620: checking the maximum length of command line arguments
configure:4751: result: 1572864
configure:4768: checking whether the shell understands some XSI constructs
configure:4778: result: yes
configure:4782: checking whether the shell understands "+="
configure:4788: result: yes
configure:4823: checking how to convert x86_64-unknown-linux-gnu file names to x86_64-unknown-linux-gnu format
configure:4863: result: func_convert_file_noop
configure:4870: checking how to convert x86_64-unknown-linux-gnu file names to toolchain format
configure:4890: result: func_convert_file_noop
configure:4897: checking for /usr/bin/ld option to reload object files
configure:4904: result: -r
configure:4978: checking for objdump
configure:4994: found /usr/bin/objdump
configure:5005: result: objdump
configure:5037: checking how to recognize dependent libraries
configure:5235: result: pass_all
configure:5320: checking for dlltool
configure:5350: result: no
configure:5380: checking how to associate runtime and link libraries
configure:5407: result: printf %s\n
configure:5468: checking for ar
configure:5484: found /usr/bin/ar
configure:5495: result: ar
configure:5532: checking for archiver @FILE support
configure:5549: gcc -c -g -O2  conftest.c >&5
configure:5549: $? = 0
configure:5552: ar cru libconftest.a @conftest.lst >&5
configure:5555: $? = 0
configure:5560: ar cru libconftest.a @conftest.lst >&5
ar: conftest.o: No such file or directory
configure:5563: $? = 1
configure:5575: result: @
configure:5633: checking for strip
configure:5649: found /usr/bin/strip
configure:5660: result: strip
configure:5732: checking for ranlib
configure:5748: found /usr/bin/ranlib
configure:5759: result: ranlib
configure:5861: checking command to parse /usr/bin/nm -B output from gcc object
configure:5981: gcc -c -g -O2  conftest.c >&5
configure:5984: $? = 0
configure:5988: /usr/bin/nm -B conftest.o \| sed -n -e 's/^.*[ ]\([ABCDGIRSTW][ABCDGIRSTW]*\)[ ][ ]*\([_A-Za-z][_A-Za-z0-9]*\)$/\1 \2 \2/p' | sed '/ __gnu_lto/d' \> conftest.nm
configure:5991: $? = 0
configure:6057: gcc -o conftest -g -O2   conftest.c conftstm.o >&5
configure:6060: $? = 0
configure:6098: result: ok
configure:6135: checking for sysroot
configure:6165: result: no
configure:6242: gcc -c -g -O2  conftest.c >&5
configure:6245: $? = 0
configure:6428: checking for mt
configure:6444: found /bin/mt
configure:6455: result: mt
configure:6478: checking if mt is a manifest tool
configure:6484: mt '-?'
configure:6492: result: no
configure:7134: checking how to run the C preprocessor
configure:7165: gcc -E  conftest.c
configure:7165: $? = 0
configure:7179: gcc -E  conftest.c
conftest.c:11:28: fatal error: ac_nonexistent.h: No such file or directory
 #include <ac_nonexistent.h>
                            ^
compilation terminated.
configure:7179: $? = 1
configure: failed program was:
| /* confdefs.h */
| #define PACKAGE_NAME "libsf"
| #define PACKAGE_TARNAME "libsf"
| #define PACKAGE_VERSION "1.0"
| #define PACKAGE_STRING "libsf 1.0"
| #define PACKAGE_BUGREPORT ""
| #define PACKAGE_URL ""
| #define PACKAGE "libsf"
| #define VERSION "1.0"
| /* end confdefs.h.  */
| #include <ac_nonexistent.h>
configure:7204: result: gcc -E
configure:7224: gcc -E  conftest.c
configure:7224: $? = 0
configure:7238: gcc -E  conftest.c
conftest.c:11:28: fatal error: ac_nonexistent.h: No such file or directory
 #include <ac_nonexistent.h>
                            ^
compilation terminated.
configure:7238: $? = 1
configure: failed program was:
| /* confdefs.h */
| #define PACKAGE_NAME "libsf"
| #define PACKAGE_TARNAME "libsf"
| #define PACKAGE_VERSION "1.0"
| #define PACKAGE_STRING "libsf 1.0"
| #define PACKAGE_BUGREPORT ""
| #define PACKAGE_URL ""
| #define PACKAGE "libsf"
| #define VERSION "1.0"
| /* end confdefs.h.  */
| #include <ac_nonexistent.h>
configure:7267: checking for ANSI C header files
configure:7287: gcc -c -g -O2  conftest.c >&5
configure:7287: $? = 0
configure:7360: gcc -o conftest -g -O2   conftest.c  >&5
configure:7360: $? = 0
configure:7360: ./conftest
configure:7360: $? = 0
configure:7371: result: yes
configure:7384: checking for sys/types.h
configure:7384: gcc -c -g -O2  conftest.c >&5
configure:7384: $? = 0
configure:7384: result: yes
configure:7384: checking for sys/stat.h
configure:7384: gcc -c -g -O2  conftest.c >&5
configure:7384: $? = 0
configure:7384: result: yes
configure:7384: checking for stdlib.h
configure:7384: gcc -c -g -O2  conftest.c >&5
configure:7384: $? = 0
configure:7384: result: yes
configure:7384: checking for string.h
configure:7384: gcc -c -g -O2  conftest.c >&5
configure:7384: $? = 0
configure:7384: result: yes
configure:7384: checking for memory.h
configure:7384: gcc -c -g -O2  conftest.c >&5
configure:7384: $? = 0
configure:7384: result: yes
configure:7384: checking for strings.h
configure:7384: gcc -c -g -O2  conftest.c >&5
configure:7384: $? = 0
configure:7384: result: yes
configure:7384: checking for inttypes.h
configure:7384: gcc -c -g -O2  conftest.c >&5
configure:7384: $? = 0
configure:7384: result: yes
configure:7384: checking for stdint.h
configure:7384: gcc -c -g -O2  conftest.c >&5
configure:7384: $? = 0
configure:7384: result: yes
configure:7384: checking for unistd.h
configure:7384: gcc -c -g -O2  conftest.c >&5
configure:7384: $? = 0
configure:7384: result: yes
configure:7398: checking for dlfcn.h
configure:7398: gcc -c -g -O2  conftest.c >&5
configure:7398: $? = 0
configure:7398: result: yes
configure:7604: checking for objdir
configure:7619: result: .libs
configure:7886: checking if gcc supports -fno-rtti -fno-exceptions
configure:7904: gcc -c -g -O2  -fno-rtti -fno-exceptions conftest.c >&5
cc1: warning: command line option '-fno-rtti' is valid for C++/ObjC++ but not for C [enabled by default]
configure:7908: $? = 0
configure:7921: result: no
configure:8248: checking for gcc option to produce PIC
configure:8255: result: -fPIC -DPIC
configure:8263: checking if gcc PIC flag -fPIC -DPIC works
configure:8281: gcc -c -g -O2  -fPIC -DPIC -DPIC conftest.c >&5
configure:8285: $? = 0
configure:8298: result: yes
configure:8327: checking if gcc static flag -static works
configure:8355: result: yes
configure:8370: checking if gcc supports -c -o file.o
configure:8391: gcc -c -g -O2  -o out/conftest2.o conftest.c >&5
configure:8395: $? = 0
configure:8417: result: yes
configure:8425: checking if gcc supports -c -o file.o
configure:8472: result: yes
configure:8505: checking whether the gcc linker (/usr/bin/ld -m elf_x86_64) supports shared libraries
configure:9662: result: yes
configure:9699: checking whether -lc should be explicitly linked in
configure:9707: gcc -c -g -O2  conftest.c >&5
configure:9710: $? = 0
configure:9725: gcc -shared  -fPIC -DPIC conftest.o  -v -Wl,-soname -Wl,conftest -o conftest 2\>\&1 \| /bin/grep  -lc  \>/dev/null 2\>\&1
configure:9728: $? = 0
configure:9742: result: no
configure:9902: checking dynamic linker characteristics
configure:10402: gcc -o conftest -g -O2   -Wl,-rpath -Wl,/foo conftest.c  >&5
configure:10402: $? = 0
configure:10636: result: GNU/Linux ld.so
configure:10743: checking how to hardcode library paths into programs
configure:10768: result: immediate
configure:11308: checking whether stripping libraries is possible
configure:11313: result: yes
configure:11348: checking if libtool supports shared libraries
configure:11350: result: yes
configure:11353: checking whether to build shared libraries
configure:11374: result: yes
configure:11377: checking whether to build static libraries
configure:11381: result: yes
configure:11568: checking that generated files are newer than configure
configure:11574: result: done
configure:11597: creating ./config.status

## ---------------------- ##
## Running config.status. ##
## ---------------------- ##

This file was extended by libsf config.status 1.0, which was
generated by GNU Autoconf 2.69.  Invocation command line was

  CONFIG_FILES    = 
  CONFIG_HEADERS  = 
  CONFIG_LINKS    = 
  CONFIG_COMMANDS = 
  $ ./config.status 

on lauralap

config.status:1009: creating Makefile
config.status:1009: creating exampleProgram/Makefile
config.status:1009: creating libsf/Makefile
config.status:1009: creating include/Makefile
config.status:1181: executing depfiles commands
config.status:1181: executing libtool commands

## ---------------- ##
## Cache variables. ##
## ---------------- ##

ac_cv_build=x86_64-unknown-linux-gnu
ac_cv_c_compiler_gnu=yes
ac_cv_env_CC_set=
ac_cv_env_CC_value=
ac_cv_env_CFLAGS_set=
ac_cv_env_CFLAGS_value=
ac_cv_env_CPPFLAGS_set=
ac_cv_env_CPPFLAGS_value=
ac_cv_env_CPP_set=
ac_cv_env_CPP_value=
ac_cv_env_LDFLAGS_set=
ac_cv_env_LDFLAGS_value=
ac_cv_env_LIBS_set=
ac_cv_env_LIBS_value=
ac_cv_env_build_alias_set=
ac_cv_env_build_alias_value=
ac_cv_env_host_alias_set=
ac_cv_env_host_alias_value=
ac_cv_env_target_alias_set=
ac_cv_env_target_alias_value=
ac_cv_header_dlfcn_h=yes
ac_cv_header_inttypes_h=yes
ac_cv_header_memory_h=yes
ac_cv_header_stdc=yes
ac_cv_header_stdint_h=yes
ac_cv_header_stdlib_h=yes
ac_cv_header_string_h=yes
ac_cv_header_strings_h=yes
ac_cv_header_sys_stat_h=yes
ac_cv_header_sys_types_h=yes
ac_cv_header_unistd_h=yes
ac_cv_host=x86_64-unknown-linux-gnu
ac_cv_objext=o
ac_cv_path_EGREP='/bin/grep -E'
ac_cv_path_FGREP='/bin/grep -F'
ac_cv_path_GREP=/bin/grep
ac_cv_path_SED=/bin/sed
ac_cv_path_install='/usr/bin/install -c'
ac_cv_path_mkdir=/bin/mkdir
ac_cv_prog_AWK=gawk
ac_cv_prog_CPP='gcc -E'
ac_cv_prog_ac_ct_AR=ar
ac_cv_prog_ac_ct_CC=gcc
ac_cv_prog_ac_ct_MANIFEST_TOOL=mt
ac_cv_prog_ac_ct_OBJDUMP=objdump
ac_cv_prog_ac_ct_RANLIB=ranlib
ac_cv_prog_ac_ct_STRIP=strip
ac_cv_prog_cc_c89=
ac_cv_prog_cc_g=yes
ac_cv_prog_cc_gcc_c_o=yes
ac_cv_prog_make_make_set=yes
ac_cv_target=x86_64-unknown-linux-gnu
am_cv_CC_dependencies_compiler_type=gcc3
am_cv_make_support_nested_variables=yes
lt_cv_ar_at_file=@
lt_cv_archive_cmds_need_lc=no
lt_cv_deplibs_check_method=pass_all
lt_cv_file_magic_cmd='$MAGIC_CMD'
lt_cv_file_magic_test_file=
lt_cv_ld_reload_flag=-r
lt_cv_nm_interface='BSD nm'
lt_cv_objdir=.libs
lt_cv_path_LD=/usr/bin/ld
lt_cv_path_NM='/usr/bin/nm -B'
lt_cv_path_mainfest_tool=no
lt_cv_prog_compiler_c_o=yes
lt_cv_prog_compiler_pic='-fPIC -DPIC'
lt_cv_prog_compiler_pic_works=yes
lt_cv_prog_compiler_rtti_exceptions=no
lt_cv_prog_compiler_static_works=yes
lt_cv_prog_gnu_ld=yes
lt_cv_sharedlib_from_linklib_cmd='printf %s\n'
lt_cv_shlibpath_overrides_runpath=no
lt_cv_sys_global_symbol_pipe='sed -n -e '\''s/^.*[	 ]\([ABCDGIRSTW][ABCDGIRSTW]*\)[	 ][	 ]*\([_A-Za-z][_A-Za-z0-9]*\)$/\1 \2 \2/p'\'' | sed '\''/ __gnu_lto/d'\'''
lt_cv_sys_global_symbol_to_c_name_address='sed -n -e '\''s/^: \([^ ]*\)[ ]*$/  {\"\1\", (void *) 0},/p'\'' -e '\''s/^[ABCDGIRSTW]* \([^ ]*\) \([^ ]*\)$/  {"\2", (void *) \&\2},/p'\'''
lt_cv_sys_global_symbol_to_c_name_address_lib_prefix='sed -n -e '\''s/^: \([^ ]*\)[ ]*$/  {\"\1\", (void *) 0},/p'\'' -e '\''s/^[ABCDGIRSTW]* \([^ ]*\) \(lib[^ ]*\)$/  {"\2", (void *) \&\2},/p'\'' -e '\''s/^[ABCDGIRSTW]* \([^ ]*\) \([^ ]*\)$/  {"lib\2", (void *) \&\2},/p'\'''
lt_cv_sys_global_symbol_to_cdecl='sed -n -e '\''s/^T .* \(.*\)$/extern int \1();/p'\'' -e '\''s/^[ABCDGIRSTW]* .* \(.*\)$/extern char \1;/p'\'''
lt_cv_sys_max_cmd_len=1572864
lt_cv_to_host_file_cmd=func_convert_file_noop
lt_cv_to_tool_file_cmd=func_convert_file_noop

## ----------------- ##
## Output variables. ##
## ----------------- ##

ACLOCAL='${SHELL} /home/michele/git/linbsf/libsf/missing aclocal-1.13'
AMDEPBACKSLASH='\'
AMDEP_FALSE='#'
AMDEP_TRUE=''
AMTAR='$${TAR-tar}'
AM_BACKSLASH='\'
AM_DEFAULT_V='$(AM_DEFAULT_VERBOSITY)'
AM_DEFAULT_VERBOSITY='1'
AM_V='$(V)'
AR='ar'
AUTOCONF='${SHELL} /home/michele/git/linbsf/libsf/missing autoconf'
AUTOHEADER='${SHELL} /home/michele/git/linbsf/libsf/missing autoheader'
AUTOMAKE='${SHELL} /home/michele/git/linbsf/libsf/missing automake-1.13'
AWK='gawk'
CC='gcc'
CCDEPMODE='depmode=gcc3'
CFLAGS='-g -O2'
CPP='gcc -E'
CPPFLAGS=''
CYGPATH_W='echo'
DEFS='-DPACKAGE_NAME=\"libsf\" -DPACKAGE_TARNAME=\"libsf\" -DPACKAGE_VERSION=\"1.0\" -DPACKAGE_STRING=\"libsf\ 1.0\" -DPACKAGE_BUGREPORT=\"\" -DPACKAGE_URL=\"\" -DPACKAGE=\"libsf\" -DVERSION=\"1.0\" -DSTDC_HEADERS=1 -DHAVE_SYS_TYPES_H=1 -DHAVE_SYS_STAT_H=1 -DHAVE_STDLIB_H=1 -DHAVE_STRING_H=1 -DHAVE_MEMORY_H=1 -DHAVE_STRINGS_H=1 -DHAVE_INTTYPES_H=1 -DHAVE_STDINT_H=1 -DHAVE_UNISTD_H=1 -DHAVE_DLFCN_H=1 -DLT_OBJDIR=\".libs/\"'
DEPDIR='.deps'
DLLTOOL='false'
DSYMUTIL=''
DUMPBIN=''
ECHO_C=''
ECHO_N='-n'
ECHO_T=''
EGREP='/bin/grep -E'
EXEEXT=''
FGREP='/bin/grep -F'
GREP='/bin/grep'
INSTALL_DATA='${INSTALL} -m 644'
INSTALL_PROGRAM='${INSTALL}'
INSTALL_SCRIPT='${INSTALL}'
INSTALL_STRIP_PROGRAM='$(install_sh) -c -s'
LD='/usr/bin/ld -m elf_x86_64'
LDFLAGS=''
LIBOBJS=''
LIBS=''
LIBTOOL='$(SHELL) $(top_builddir)/libtool'
LIPO=''
LN_S='ln -s'
LTLIBOBJS=''
MAKEINFO='${SHELL} /home/michele/git/linbsf/libsf/missing makeinfo'
MANIFEST_TOOL=':'
MKDIR_P='/bin/mkdir -p'
NM='/usr/bin/nm -B'
NMEDIT=''
OBJDUMP='objdump'
OBJEXT='o'
OTOOL64=''
OTOOL=''
PACKAGE='libsf'
PACKAGE_BUGREPORT=''
PACKAGE_NAME='libsf'
PACKAGE_STRING='libsf 1.0'
PACKAGE_TARNAME='libsf'
PACKAGE_URL=''
PACKAGE_VERSION='1.0'
PATH_SEPARATOR=':'
RANLIB='ranlib'
SED='/bin/sed'
SET_MAKE=''
SHELL='/bin/bash'
STRIP='strip'
VERSION='1.0'
ac_ct_AR='ar'
ac_ct_CC='gcc'
ac_ct_DUMPBIN=''
am__EXEEXT_FALSE=''
am__EXEEXT_TRUE='#'
am__fastdepCC_FALSE='#'
am__fastdepCC_TRUE=''
am__include='include'
am__isrc=''
am__leading_dot='.'
am__nodep='_no'
am__quote=''
am__tar='$${TAR-tar} chof - "$$tardir"'
am__untar='$${TAR-tar} xf -'
bindir='${exec_prefix}/bin'
build='x86_64-unknown-linux-gnu'
build_alias=''
build_cpu='x86_64'
build_os='linux-gnu'
build_vendor='unknown'
datadir='${datarootdir}'
datarootdir='${prefix}/share'
docdir='${datarootdir}/doc/${PACKAGE_TARNAME}'
dvidir='${docdir}'
exec_prefix='${prefix}'
host='x86_64-unknown-linux-gnu'
host_alias=''
host_cpu='x86_64'
host_os='linux-gnu'
host_vendor='unknown'
htmldir='${docdir}'
includedir='${prefix}/include'
infodir='${datarootdir}/info'
install_sh='${SHELL} /home/michele/git/linbsf/libsf/install-sh'
libdir='${exec_prefix}/lib'
libexecdir='${exec_prefix}/libexec'
localedir='${datarootdir}/locale'
localstatedir='${prefix}/var'
mandir='${datarootdir}/man'
mkdir_p='$(MKDIR_P)'
oldincludedir='/usr/include'
pdfdir='${docdir}'
prefix='/usr/local'
program_transform_name='s,x,x,'
psdir='${docdir}'
sbindir='${exec_prefix}/sbin'
sharedstatedir='${prefix}/com'
sysconfdir='${prefix}/etc'
target='x86_64-unknown-linux-gnu'
target_alias=''
target_cpu='x86_64'
target_os='linux-gnu'
target_vendor='unknown'

## ----------- ##
## confdefs.h. ##
## ----------- ##

/* confdefs.h */
#define PACKAGE_NAME "libsf"
#define PACKAGE_TARNAME "libsf"
#define PACKAGE_VERSION "1.0"
#define PACKAGE_STRING "libsf 1.0"
#define PACKAGE_BUGREPORT ""
#define PACKAGE_URL ""
#define PACKAGE "libsf"
#define VERSION "1.0"
#define STDC_HEADERS 1
#define HAVE_SYS_TYPES_H 1
#define HAVE_SYS_STAT_H 1
#define HAVE_STDLIB_H 1
#define HAVE_STRING_H 1
#define HAVE_MEMORY_H 1
#define HAVE_STRINGS_H 1
#define HAVE_INTTYPES_H 1
#define HAVE_STDINT_H 1
#define HAVE_UNISTD_H 1
#define HAVE_DLFCN_H 1
#define LT_OBJDIR ".libs/"

configure: exit 0
